[0.009s] Invoking command in '/home/anton/Desktop/edubot/cpp_impl/build/edubot': CMAKE_PREFIX_PATH=${CMAKE_PREFIX_PATH}:/opt/ros/humble /usr/bin/cmake --build /home/anton/Desktop/edubot/cpp_impl/build/edubot -- -j8 -l8
[0.042s] [35m[1mConsolidate compiler generated dependencies of target robot_node[0m
[0.071s] [ 33%] [32mBuilding CXX object CMakeFiles/robot_node.dir/src/robot_node.cpp.o[0m
[2.474s] [01m[K/home/anton/Desktop/edubot/cpp_impl/src/edubot/src/robot_node.cpp:[m[K In member function ‘[01m[Kvoid RobotNode::cmd_callback(trajectory_msgs::msg::JointTrajectory_<std::allocator<void> >::SharedPtr)[m[K’:
[2.474s] [01m[K/home/anton/Desktop/edubot/cpp_impl/src/edubot/src/robot_node.cpp:40:85:[m[K [01;35m[Kwarning: [m[Kunused parameter ‘[01m[Kmsg[m[K’ [[01;35m[K]8;;https://gcc.gnu.org/onlinedocs/gcc/Warning-Options.html#index-Wunused-parameter-Wunused-parameter]8;;[m[K]
[2.474s]    40 | void RobotNode::cmd_callback([01;35m[Kconst trajectory_msgs::msg::JointTrajectory::SharedPtr msg[m[K)
[2.475s]       |                              [01;35m[K~~~~~~~~~~~~~~~~~~~~~~~~~~~~~~~~~~~~~~~~~~~~~~~~~~~~~~~^~~[m[K
[7.001s] [ 66%] [32m[1mLinking CXX executable robot_node[0m
[7.335s] [100%] Built target robot_node
[7.344s] Invoked command in '/home/anton/Desktop/edubot/cpp_impl/build/edubot' returned '0': CMAKE_PREFIX_PATH=${CMAKE_PREFIX_PATH}:/opt/ros/humble /usr/bin/cmake --build /home/anton/Desktop/edubot/cpp_impl/build/edubot -- -j8 -l8
[7.369s] Invoking command in '/home/anton/Desktop/edubot/cpp_impl/build/edubot': CMAKE_PREFIX_PATH=${CMAKE_PREFIX_PATH}:/opt/ros/humble /usr/bin/cmake --install /home/anton/Desktop/edubot/cpp_impl/build/edubot
[7.374s] -- Install configuration: ""
[7.374s] -- Installing: /home/anton/Desktop/edubot/cpp_impl/install/edubot/lib/edubot/robot_node
[7.378s] -- Set runtime path of "/home/anton/Desktop/edubot/cpp_impl/install/edubot/lib/edubot/robot_node" to ""
[7.378s] -- Up-to-date: /home/anton/Desktop/edubot/cpp_impl/install/edubot/share/ament_index/resource_index/package_run_dependencies/edubot
[7.378s] -- Up-to-date: /home/anton/Desktop/edubot/cpp_impl/install/edubot/share/ament_index/resource_index/parent_prefix_path/edubot
[7.378s] -- Up-to-date: /home/anton/Desktop/edubot/cpp_impl/install/edubot/share/edubot/environment/ament_prefix_path.sh
[7.378s] -- Up-to-date: /home/anton/Desktop/edubot/cpp_impl/install/edubot/share/edubot/environment/ament_prefix_path.dsv
[7.378s] -- Up-to-date: /home/anton/Desktop/edubot/cpp_impl/install/edubot/share/edubot/environment/path.sh
[7.378s] -- Up-to-date: /home/anton/Desktop/edubot/cpp_impl/install/edubot/share/edubot/environment/path.dsv
[7.378s] -- Up-to-date: /home/anton/Desktop/edubot/cpp_impl/install/edubot/share/edubot/local_setup.bash
[7.378s] -- Up-to-date: /home/anton/Desktop/edubot/cpp_impl/install/edubot/share/edubot/local_setup.sh
[7.378s] -- Up-to-date: /home/anton/Desktop/edubot/cpp_impl/install/edubot/share/edubot/local_setup.zsh
[7.379s] -- Up-to-date: /home/anton/Desktop/edubot/cpp_impl/install/edubot/share/edubot/local_setup.dsv
[7.379s] -- Installing: /home/anton/Desktop/edubot/cpp_impl/install/edubot/share/edubot/package.dsv
[7.379s] -- Up-to-date: /home/anton/Desktop/edubot/cpp_impl/install/edubot/share/ament_index/resource_index/packages/edubot
[7.379s] -- Up-to-date: /home/anton/Desktop/edubot/cpp_impl/install/edubot/share/edubot/cmake/edubotConfig.cmake
[7.379s] -- Up-to-date: /home/anton/Desktop/edubot/cpp_impl/install/edubot/share/edubot/cmake/edubotConfig-version.cmake
[7.379s] -- Up-to-date: /home/anton/Desktop/edubot/cpp_impl/install/edubot/share/edubot/package.xml
[7.380s] Invoked command in '/home/anton/Desktop/edubot/cpp_impl/build/edubot' returned '0': CMAKE_PREFIX_PATH=${CMAKE_PREFIX_PATH}:/opt/ros/humble /usr/bin/cmake --install /home/anton/Desktop/edubot/cpp_impl/build/edubot
