[0.542s] DEBUG:colcon:Command line arguments: ['/usr/bin/colcon', 'build']
[0.542s] DEBUG:colcon:Parsed command line arguments: Namespace(log_base=None, log_level=None, verb_name='build', build_base='build', install_base='install', merge_install=False, symlink_install=False, test_result_base=None, continue_on_error=False, executor='parallel', parallel_workers=12, event_handlers=None, ignore_user_meta=False, metas=['./colcon.meta'], base_paths=['.'], packages_ignore=None, packages_ignore_regex=None, paths=None, packages_up_to=None, packages_up_to_regex=None, packages_above=None, packages_above_and_dependencies=None, packages_above_depth=None, packages_select_by_dep=None, packages_skip_by_dep=None, packages_skip_up_to=None, packages_select_build_failed=False, packages_skip_build_finished=False, packages_select_test_failures=False, packages_skip_test_passed=False, packages_select=None, packages_skip=None, packages_select_regex=None, packages_skip_regex=None, packages_start=None, packages_end=None, allow_overriding=[], cmake_args=None, cmake_target=None, cmake_target_skip_unavailable=False, cmake_clean_cache=False, cmake_clean_first=False, cmake_force_configure=False, ament_cmake_args=None, catkin_cmake_args=None, catkin_skip_building_tests=False, verb_parser=<colcon_defaults.argument_parser.defaults.DefaultArgumentsDecorator object at 0x7fa33a6650f0>, verb_extension=<colcon_core.verb.build.BuildVerb object at 0x7fa33a6653c0>, main=<bound method BuildVerb.main of <colcon_core.verb.build.BuildVerb object at 0x7fa33a6653c0>>)
[0.572s] Level 1:colcon.colcon_core.package_discovery:discover_packages(colcon_meta) check parameters
[0.572s] Level 1:colcon.colcon_core.package_discovery:discover_packages(recursive) check parameters
[0.572s] Level 1:colcon.colcon_core.package_discovery:discover_packages(ignore) check parameters
[0.572s] Level 1:colcon.colcon_core.package_discovery:discover_packages(path) check parameters
[0.572s] Level 1:colcon.colcon_core.package_discovery:discover_packages(colcon_meta) discover
[0.572s] Level 1:colcon.colcon_core.package_discovery:discover_packages(recursive) discover
[0.572s] INFO:colcon.colcon_core.package_discovery:Crawling recursively for packages in '/home/ubuntu2204/edubot'
[0.572s] Level 1:colcon.colcon_core.package_identification:_identify(.) by extensions ['ignore', 'ignore_ament_install']
[0.573s] Level 1:colcon.colcon_core.package_identification:_identify(.) by extension 'ignore'
[0.573s] Level 1:colcon.colcon_core.package_identification:_identify(.) by extension 'ignore_ament_install'
[0.573s] Level 1:colcon.colcon_core.package_identification:_identify(.) by extensions ['colcon_pkg']
[0.573s] Level 1:colcon.colcon_core.package_identification:_identify(.) by extension 'colcon_pkg'
[0.573s] Level 1:colcon.colcon_core.package_identification:_identify(.) by extensions ['colcon_meta']
[0.573s] Level 1:colcon.colcon_core.package_identification:_identify(.) by extension 'colcon_meta'
[0.573s] Level 1:colcon.colcon_core.package_identification:_identify(.) by extensions ['ros']
[0.573s] Level 1:colcon.colcon_core.package_identification:_identify(.) by extension 'ros'
[0.581s] Level 1:colcon.colcon_core.package_identification:_identify(.) by extensions ['cmake', 'python']
[0.581s] Level 1:colcon.colcon_core.package_identification:_identify(.) by extension 'cmake'
[0.581s] Level 1:colcon.colcon_core.package_identification:_identify(.) by extension 'python'
[0.581s] Level 1:colcon.colcon_core.package_identification:_identify(.) by extensions ['python_setup_py']
[0.581s] Level 1:colcon.colcon_core.package_identification:_identify(.) by extension 'python_setup_py'
[0.581s] Level 1:colcon.colcon_core.package_identification:_identify(build) by extensions ['ignore', 'ignore_ament_install']
[0.581s] Level 1:colcon.colcon_core.package_identification:_identify(build) by extension 'ignore'
[0.581s] Level 1:colcon.colcon_core.package_identification:_identify(build) ignored
[0.581s] Level 1:colcon.colcon_core.package_identification:_identify(cpp_impl) by extensions ['ignore', 'ignore_ament_install']
[0.581s] Level 1:colcon.colcon_core.package_identification:_identify(cpp_impl) by extension 'ignore'
[0.581s] Level 1:colcon.colcon_core.package_identification:_identify(cpp_impl) by extension 'ignore_ament_install'
[0.581s] Level 1:colcon.colcon_core.package_identification:_identify(cpp_impl) by extensions ['colcon_pkg']
[0.581s] Level 1:colcon.colcon_core.package_identification:_identify(cpp_impl) by extension 'colcon_pkg'
[0.581s] Level 1:colcon.colcon_core.package_identification:_identify(cpp_impl) by extensions ['colcon_meta']
[0.581s] Level 1:colcon.colcon_core.package_identification:_identify(cpp_impl) by extension 'colcon_meta'
[0.581s] Level 1:colcon.colcon_core.package_identification:_identify(cpp_impl) by extensions ['ros']
[0.581s] Level 1:colcon.colcon_core.package_identification:_identify(cpp_impl) by extension 'ros'
[0.581s] Level 1:colcon.colcon_core.package_identification:_identify(cpp_impl) by extensions ['cmake', 'python']
[0.581s] Level 1:colcon.colcon_core.package_identification:_identify(cpp_impl) by extension 'cmake'
[0.582s] Level 1:colcon.colcon_core.package_identification:_identify(cpp_impl) by extension 'python'
[0.582s] Level 1:colcon.colcon_core.package_identification:_identify(cpp_impl) by extensions ['python_setup_py']
[0.582s] Level 1:colcon.colcon_core.package_identification:_identify(cpp_impl) by extension 'python_setup_py'
[0.582s] Level 1:colcon.colcon_core.package_identification:_identify(cpp_impl/build) by extensions ['ignore', 'ignore_ament_install']
[0.582s] Level 1:colcon.colcon_core.package_identification:_identify(cpp_impl/build) by extension 'ignore'
[0.582s] Level 1:colcon.colcon_core.package_identification:_identify(cpp_impl/build) ignored
[0.582s] Level 1:colcon.colcon_core.package_identification:_identify(cpp_impl/install) by extensions ['ignore', 'ignore_ament_install']
[0.582s] Level 1:colcon.colcon_core.package_identification:_identify(cpp_impl/install) by extension 'ignore'
[0.582s] Level 1:colcon.colcon_core.package_identification:_identify(cpp_impl/install) ignored
[0.582s] Level 1:colcon.colcon_core.package_identification:_identify(cpp_impl/log) by extensions ['ignore', 'ignore_ament_install']
[0.582s] Level 1:colcon.colcon_core.package_identification:_identify(cpp_impl/log) by extension 'ignore'
[0.582s] Level 1:colcon.colcon_core.package_identification:_identify(cpp_impl/log) ignored
[0.582s] Level 1:colcon.colcon_core.package_identification:_identify(cpp_impl/src) by extensions ['ignore', 'ignore_ament_install']
[0.582s] Level 1:colcon.colcon_core.package_identification:_identify(cpp_impl/src) by extension 'ignore'
[0.582s] Level 1:colcon.colcon_core.package_identification:_identify(cpp_impl/src) by extension 'ignore_ament_install'
[0.582s] Level 1:colcon.colcon_core.package_identification:_identify(cpp_impl/src) by extensions ['colcon_pkg']
[0.582s] Level 1:colcon.colcon_core.package_identification:_identify(cpp_impl/src) by extension 'colcon_pkg'
[0.582s] Level 1:colcon.colcon_core.package_identification:_identify(cpp_impl/src) by extensions ['colcon_meta']
[0.582s] Level 1:colcon.colcon_core.package_identification:_identify(cpp_impl/src) by extension 'colcon_meta'
[0.582s] Level 1:colcon.colcon_core.package_identification:_identify(cpp_impl/src) by extensions ['ros']
[0.582s] Level 1:colcon.colcon_core.package_identification:_identify(cpp_impl/src) by extension 'ros'
[0.582s] Level 1:colcon.colcon_core.package_identification:_identify(cpp_impl/src) by extensions ['cmake', 'python']
[0.582s] Level 1:colcon.colcon_core.package_identification:_identify(cpp_impl/src) by extension 'cmake'
[0.582s] Level 1:colcon.colcon_core.package_identification:_identify(cpp_impl/src) by extension 'python'
[0.582s] Level 1:colcon.colcon_core.package_identification:_identify(cpp_impl/src) by extensions ['python_setup_py']
[0.582s] Level 1:colcon.colcon_core.package_identification:_identify(cpp_impl/src) by extension 'python_setup_py'
[0.582s] Level 1:colcon.colcon_core.package_identification:_identify(cpp_impl/src/common) by extensions ['ignore', 'ignore_ament_install']
[0.582s] Level 1:colcon.colcon_core.package_identification:_identify(cpp_impl/src/common) by extension 'ignore'
[0.582s] Level 1:colcon.colcon_core.package_identification:_identify(cpp_impl/src/common) by extension 'ignore_ament_install'
[0.582s] Level 1:colcon.colcon_core.package_identification:_identify(cpp_impl/src/common) by extensions ['colcon_pkg']
[0.582s] Level 1:colcon.colcon_core.package_identification:_identify(cpp_impl/src/common) by extension 'colcon_pkg'
[0.582s] Level 1:colcon.colcon_core.package_identification:_identify(cpp_impl/src/common) by extensions ['colcon_meta']
[0.583s] Level 1:colcon.colcon_core.package_identification:_identify(cpp_impl/src/common) by extension 'colcon_meta'
[0.583s] Level 1:colcon.colcon_core.package_identification:_identify(cpp_impl/src/common) by extensions ['ros']
[0.583s] Level 1:colcon.colcon_core.package_identification:_identify(cpp_impl/src/common) by extension 'ros'
[0.583s] Level 1:colcon.colcon_core.package_identification:_identify(cpp_impl/src/common) by extensions ['cmake', 'python']
[0.583s] Level 1:colcon.colcon_core.package_identification:_identify(cpp_impl/src/common) by extension 'cmake'
[0.583s] Level 1:colcon.colcon_core.package_identification:_identify(cpp_impl/src/common) by extension 'python'
[0.583s] Level 1:colcon.colcon_core.package_identification:_identify(cpp_impl/src/common) by extensions ['python_setup_py']
[0.583s] Level 1:colcon.colcon_core.package_identification:_identify(cpp_impl/src/common) by extension 'python_setup_py'
[0.583s] Level 1:colcon.colcon_core.package_identification:_identify(cpp_impl/src/controllers) by extensions ['ignore', 'ignore_ament_install']
[0.583s] Level 1:colcon.colcon_core.package_identification:_identify(cpp_impl/src/controllers) by extension 'ignore'
[0.583s] Level 1:colcon.colcon_core.package_identification:_identify(cpp_impl/src/controllers) by extension 'ignore_ament_install'
[0.583s] Level 1:colcon.colcon_core.package_identification:_identify(cpp_impl/src/controllers) by extensions ['colcon_pkg']
[0.583s] Level 1:colcon.colcon_core.package_identification:_identify(cpp_impl/src/controllers) by extension 'colcon_pkg'
[0.583s] Level 1:colcon.colcon_core.package_identification:_identify(cpp_impl/src/controllers) by extensions ['colcon_meta']
[0.583s] Level 1:colcon.colcon_core.package_identification:_identify(cpp_impl/src/controllers) by extension 'colcon_meta'
[0.583s] Level 1:colcon.colcon_core.package_identification:_identify(cpp_impl/src/controllers) by extensions ['ros']
[0.583s] Level 1:colcon.colcon_core.package_identification:_identify(cpp_impl/src/controllers) by extension 'ros'
[0.584s] DEBUG:colcon.colcon_core.package_identification:Package 'cpp_impl/src/controllers' with type 'ros.ament_cmake' and name 'controllers'
[0.585s] Level 1:colcon.colcon_core.package_identification:_identify(cpp_impl/src/edubot) by extensions ['ignore', 'ignore_ament_install']
[0.585s] Level 1:colcon.colcon_core.package_identification:_identify(cpp_impl/src/edubot) by extension 'ignore'
[0.585s] Level 1:colcon.colcon_core.package_identification:_identify(cpp_impl/src/edubot) by extension 'ignore_ament_install'
[0.585s] Level 1:colcon.colcon_core.package_identification:_identify(cpp_impl/src/edubot) by extensions ['colcon_pkg']
[0.585s] Level 1:colcon.colcon_core.package_identification:_identify(cpp_impl/src/edubot) by extension 'colcon_pkg'
[0.585s] Level 1:colcon.colcon_core.package_identification:_identify(cpp_impl/src/edubot) by extensions ['colcon_meta']
[0.585s] Level 1:colcon.colcon_core.package_identification:_identify(cpp_impl/src/edubot) by extension 'colcon_meta'
[0.585s] Level 1:colcon.colcon_core.package_identification:_identify(cpp_impl/src/edubot) by extensions ['ros']
[0.585s] Level 1:colcon.colcon_core.package_identification:_identify(cpp_impl/src/edubot) by extension 'ros'
[0.585s] DEBUG:colcon.colcon_core.package_identification:Package 'cpp_impl/src/edubot' with type 'ros.ament_cmake' and name 'edubot'
[0.585s] Level 1:colcon.colcon_core.package_identification:_identify(install) by extensions ['ignore', 'ignore_ament_install']
[0.585s] Level 1:colcon.colcon_core.package_identification:_identify(install) by extension 'ignore'
[0.585s] Level 1:colcon.colcon_core.package_identification:_identify(install) ignored
[0.585s] Level 1:colcon.colcon_core.package_identification:_identify(log) by extensions ['ignore', 'ignore_ament_install']
[0.585s] Level 1:colcon.colcon_core.package_identification:_identify(log) by extension 'ignore'
[0.585s] Level 1:colcon.colcon_core.package_identification:_identify(log) ignored
[0.585s] Level 1:colcon.colcon_core.package_identification:_identify(python_impl) by extensions ['ignore', 'ignore_ament_install']
[0.586s] Level 1:colcon.colcon_core.package_identification:_identify(python_impl) by extension 'ignore'
[0.586s] Level 1:colcon.colcon_core.package_identification:_identify(python_impl) by extension 'ignore_ament_install'
[0.586s] Level 1:colcon.colcon_core.package_identification:_identify(python_impl) by extensions ['colcon_pkg']
[0.586s] Level 1:colcon.colcon_core.package_identification:_identify(python_impl) by extension 'colcon_pkg'
[0.586s] Level 1:colcon.colcon_core.package_identification:_identify(python_impl) by extensions ['colcon_meta']
[0.586s] Level 1:colcon.colcon_core.package_identification:_identify(python_impl) by extension 'colcon_meta'
[0.586s] Level 1:colcon.colcon_core.package_identification:_identify(python_impl) by extensions ['ros']
[0.586s] Level 1:colcon.colcon_core.package_identification:_identify(python_impl) by extension 'ros'
[0.586s] Level 1:colcon.colcon_core.package_identification:_identify(python_impl) by extensions ['cmake', 'python']
[0.586s] Level 1:colcon.colcon_core.package_identification:_identify(python_impl) by extension 'cmake'
[0.586s] Level 1:colcon.colcon_core.package_identification:_identify(python_impl) by extension 'python'
[0.586s] Level 1:colcon.colcon_core.package_identification:_identify(python_impl) by extensions ['python_setup_py']
[0.586s] Level 1:colcon.colcon_core.package_identification:_identify(python_impl) by extension 'python_setup_py'
[0.586s] Level 1:colcon.colcon_core.package_identification:_identify(python_impl/build) by extensions ['ignore', 'ignore_ament_install']
[0.586s] Level 1:colcon.colcon_core.package_identification:_identify(python_impl/build) by extension 'ignore'
[0.586s] Level 1:colcon.colcon_core.package_identification:_identify(python_impl/build) ignored
[0.586s] Level 1:colcon.colcon_core.package_identification:_identify(python_impl/install) by extensions ['ignore', 'ignore_ament_install']
[0.586s] Level 1:colcon.colcon_core.package_identification:_identify(python_impl/install) by extension 'ignore'
[0.586s] Level 1:colcon.colcon_core.package_identification:_identify(python_impl/install) ignored
[0.586s] Level 1:colcon.colcon_core.package_identification:_identify(python_impl/log) by extensions ['ignore', 'ignore_ament_install']
[0.586s] Level 1:colcon.colcon_core.package_identification:_identify(python_impl/log) by extension 'ignore'
[0.586s] Level 1:colcon.colcon_core.package_identification:_identify(python_impl/log) ignored
[0.586s] Level 1:colcon.colcon_core.package_identification:_identify(python_impl/src) by extensions ['ignore', 'ignore_ament_install']
[0.586s] Level 1:colcon.colcon_core.package_identification:_identify(python_impl/src) by extension 'ignore'
[0.586s] Level 1:colcon.colcon_core.package_identification:_identify(python_impl/src) by extension 'ignore_ament_install'
[0.586s] Level 1:colcon.colcon_core.package_identification:_identify(python_impl/src) by extensions ['colcon_pkg']
[0.586s] Level 1:colcon.colcon_core.package_identification:_identify(python_impl/src) by extension 'colcon_pkg'
[0.586s] Level 1:colcon.colcon_core.package_identification:_identify(python_impl/src) by extensions ['colcon_meta']
[0.586s] Level 1:colcon.colcon_core.package_identification:_identify(python_impl/src) by extension 'colcon_meta'
[0.586s] Level 1:colcon.colcon_core.package_identification:_identify(python_impl/src) by extensions ['ros']
[0.586s] Level 1:colcon.colcon_core.package_identification:_identify(python_impl/src) by extension 'ros'
[0.586s] Level 1:colcon.colcon_core.package_identification:_identify(python_impl/src) by extensions ['cmake', 'python']
[0.587s] Level 1:colcon.colcon_core.package_identification:_identify(python_impl/src) by extension 'cmake'
[0.587s] Level 1:colcon.colcon_core.package_identification:_identify(python_impl/src) by extension 'python'
[0.587s] Level 1:colcon.colcon_core.package_identification:_identify(python_impl/src) by extensions ['python_setup_py']
[0.587s] Level 1:colcon.colcon_core.package_identification:_identify(python_impl/src) by extension 'python_setup_py'
[0.587s] Level 1:colcon.colcon_core.package_identification:_identify(python_impl/src/controllers) by extensions ['ignore', 'ignore_ament_install']
[0.587s] Level 1:colcon.colcon_core.package_identification:_identify(python_impl/src/controllers) by extension 'ignore'
[0.587s] Level 1:colcon.colcon_core.package_identification:_identify(python_impl/src/controllers) by extension 'ignore_ament_install'
[0.587s] Level 1:colcon.colcon_core.package_identification:_identify(python_impl/src/controllers) by extensions ['colcon_pkg']
[0.587s] Level 1:colcon.colcon_core.package_identification:_identify(python_impl/src/controllers) by extension 'colcon_pkg'
[0.587s] Level 1:colcon.colcon_core.package_identification:_identify(python_impl/src/controllers) by extensions ['colcon_meta']
[0.587s] Level 1:colcon.colcon_core.package_identification:_identify(python_impl/src/controllers) by extension 'colcon_meta'
[0.587s] Level 1:colcon.colcon_core.package_identification:_identify(python_impl/src/controllers) by extensions ['ros']
[0.587s] Level 1:colcon.colcon_core.package_identification:_identify(python_impl/src/controllers) by extension 'ros'
[0.587s] DEBUG:colcon.colcon_core.package_identification:Package 'python_impl/src/controllers' with type 'ros.ament_python' and name 'controllers'
[0.587s] Level 1:colcon.colcon_core.package_identification:_identify(testing) by extensions ['ignore', 'ignore_ament_install']
[0.587s] Level 1:colcon.colcon_core.package_identification:_identify(testing) by extension 'ignore'
[0.587s] Level 1:colcon.colcon_core.package_identification:_identify(testing) by extension 'ignore_ament_install'
[0.587s] Level 1:colcon.colcon_core.package_identification:_identify(testing) by extensions ['colcon_pkg']
[0.587s] Level 1:colcon.colcon_core.package_identification:_identify(testing) by extension 'colcon_pkg'
[0.587s] Level 1:colcon.colcon_core.package_identification:_identify(testing) by extensions ['colcon_meta']
[0.587s] Level 1:colcon.colcon_core.package_identification:_identify(testing) by extension 'colcon_meta'
[0.587s] Level 1:colcon.colcon_core.package_identification:_identify(testing) by extensions ['ros']
[0.587s] Level 1:colcon.colcon_core.package_identification:_identify(testing) by extension 'ros'
[0.587s] Level 1:colcon.colcon_core.package_identification:_identify(testing) by extensions ['cmake', 'python']
[0.587s] Level 1:colcon.colcon_core.package_identification:_identify(testing) by extension 'cmake'
[0.587s] Level 1:colcon.colcon_core.package_identification:_identify(testing) by extension 'python'
[0.587s] Level 1:colcon.colcon_core.package_identification:_identify(testing) by extensions ['python_setup_py']
[0.587s] Level 1:colcon.colcon_core.package_identification:_identify(testing) by extension 'python_setup_py'
[0.588s] Level 1:colcon.colcon_core.package_discovery:discover_packages(recursive) using defaults
[0.588s] Level 1:colcon.colcon_core.package_discovery:discover_packages(ignore) discover
[0.588s] Level 1:colcon.colcon_core.package_discovery:discover_packages(ignore) using defaults
[0.588s] Level 1:colcon.colcon_core.package_discovery:discover_packages(path) discover
[0.588s] Level 1:colcon.colcon_core.package_discovery:discover_packages(path) using defaults
[0.639s] Level 1:colcon.colcon_core.package_discovery:discover_packages(prefix_path) check parameters
[0.639s] Level 1:colcon.colcon_core.package_discovery:discover_packages(prefix_path) discover
[0.655s] DEBUG:colcon.colcon_installed_package_information.package_discovery:Found 1 installed packages in /home/ubuntu2204/edubot/python_impl/install
[0.663s] DEBUG:colcon.colcon_installed_package_information.package_discovery:Found 2 installed packages in /home/ubuntu2204/edubot/cpp_impl/install
[0.670s] DEBUG:colcon.colcon_installed_package_information.package_discovery:Found 270 installed packages in /opt/ros/humble
[0.671s] Level 1:colcon.colcon_core.package_discovery:discover_packages(prefix_path) using defaults
[0.716s] ERROR:colcon:colcon build: Duplicate package names not supported:
- controllers:
  - cpp_impl/src/controllers
  - python_impl/src/controllers
