[01m[K/home/anton/Desktop/edubot/cpp_impl/src/edubot/src/robot_node.cpp:[m[K In constructor ‘[01m[KRobotNode::RobotNode()[m[K’:
[01m[K/home/anton/Desktop/edubot/cpp_impl/src/edubot/src/robot_node.cpp:21:5:[m[K [01;31m[Kerror: [m[Kexpected unqualified-id before numeric constant
   21 |     [01;31m[K10[m[K,
      |     [01;31m[K^~[m[K
[01m[K/home/anton/Desktop/edubot/cpp_impl/src/edubot/src/robot_node.cpp:28:40:[m[K [01;31m[Kerror: [m[Kinvalid use of non-static member function ‘[01m[Kconst string& rclcpp::Parameter::as_string() const[m[K’
   28 |       [01;31m[Kthis->get_parameter("pub_topic").as_string[m[K, 10);
      |       [01;31m[K~~~~~~~~~~~~~~~~~~~~~~~~~~~~~~~~~^~~~~~~~~[m[K
In file included from [01m[K/opt/ros/humble/include/rclcpp/rclcpp/node_interfaces/node_parameters_interface.hpp:28[m[K,
                 from [01m[K/opt/ros/humble/include/rclcpp/rclcpp/node.hpp:54[m[K,
                 from [01m[K/opt/ros/humble/include/rclcpp/rclcpp/executors/single_threaded_executor.hpp:28[m[K,
                 from [01m[K/opt/ros/humble/include/rclcpp/rclcpp/executors.hpp:22[m[K,
                 from [01m[K/opt/ros/humble/include/rclcpp/rclcpp/rclcpp.hpp:155[m[K,
                 from [01m[K/home/anton/Desktop/edubot/cpp_impl/src/edubot/include/edubot/robot_node.hpp:1[m[K,
                 from [01m[K/home/anton/Desktop/edubot/cpp_impl/src/edubot/src/robot_node.cpp:1[m[K:
[01m[K/opt/ros/humble/include/rclcpp/rclcpp/parameter.hpp:157:3:[m[K [01;36m[Knote: [m[Kdeclared here
  157 |   [01;36m[Kas_string[m[K() const;
      |   [01;36m[K^~~~~~~~~[m[K
[01m[K/home/anton/Desktop/edubot/cpp_impl/src/edubot/src/robot_node.cpp:[m[K In member function ‘[01m[Kvoid RobotNode::cmd_callback(sensor_msgs::msg::JointState_<std::allocator<void> >::SharedPtr)[m[K’:
[01m[K/home/anton/Desktop/edubot/cpp_impl/src/edubot/src/robot_node.cpp:41:76:[m[K [01;35m[Kwarning: [m[Kunused parameter ‘[01m[Kmsg[m[K’ [[01;35m[K]8;;https://gcc.gnu.org/onlinedocs/gcc/Warning-Options.html#index-Wunused-parameter-Wunused-parameter]8;;[m[K]
   41 | void RobotNode::cmd_callback([01;35m[Kconst sensor_msgs::msg::JointState::SharedPtr msg[m[K)
      |                              [01;35m[K~~~~~~~~~~~~~~~~~~~~~~~~~~~~~~~~~~~~~~~~~~~~~~^~~[m[K
gmake[2]: *** [CMakeFiles/robot_node.dir/build.make:76: CMakeFiles/robot_node.dir/src/robot_node.cpp.o] Error 1
gmake[1]: *** [CMakeFiles/Makefile2:137: CMakeFiles/robot_node.dir/all] Error 2
gmake: *** [Makefile:146: all] Error 2
