-- Found ament_cmake: 1.3.5 (/opt/ros/humble/share/ament_cmake/cmake)
-- Found rclcpp: 16.0.5 (/opt/ros/humble/share/rclcpp/cmake)
-- Found rosidl_generator_c: 3.1.5 (/opt/ros/humble/share/rosidl_generator_c/cmake)
-- Found rosidl_adapter: 3.1.5 (/opt/ros/humble/share/rosidl_adapter/cmake)
-- Found rosidl_generator_cpp: 3.1.5 (/opt/ros/humble/share/rosidl_generator_cpp/cmake)
-- Using all available rosidl_typesupport_c: rosidl_typesupport_fastrtps_c;rosidl_typesupport_introspection_c
-- Using all available rosidl_typesupport_cpp: rosidl_typesupport_fastrtps_cpp;rosidl_typesupport_introspection_cpp
-- Found rmw_implementation_cmake: 6.1.1 (/opt/ros/humble/share/rmw_implementation_cmake/cmake)
-- Found rmw_fastrtps_cpp: 6.2.3 (/opt/ros/humble/share/rmw_fastrtps_cpp/cmake)
-- Using RMW implementation 'rmw_fastrtps_cpp' as default
-- Found sensor_msgs: 4.2.3 (/opt/ros/humble/share/sensor_msgs/cmake)
-- Found trajectory_msgs: 4.2.3 (/opt/ros/humble/share/trajectory_msgs/cmake)
-- Found ament_lint_auto: 0.12.7 (/opt/ros/humble/share/ament_lint_auto/cmake)
-- Added test 'cppcheck' to perform static code analysis on C / C++ code
-- Configured cppcheck include dirs: $<BUILD_INTERFACE:/home/anton/Desktop/edubot/cpp_impl/src/edubot/include/edubot>
-- Configured cppcheck exclude dirs and/or files: 
-- Added test 'lint_cmake' to check CMake code style
-- Added test 'uncrustify' to check C / C++ code style
-- Configured uncrustify additional arguments: 
-- Added test 'xmllint' to check XML markup files
-- Configuring done
-- Generating done
-- Build files have been written to: /home/anton/Desktop/edubot/cpp_impl/build/edubot
[35m[1mConsolidate compiler generated dependencies of target robot_node[0m
[ 33%] [32mBuilding CXX object CMakeFiles/robot_node.dir/src/robot.cpp.o[0m
[ 66%] [32m[1mLinking CXX executable robot_node[0m
[100%] Built target robot_node
-- Install configuration: ""
-- Installing: /home/anton/Desktop/edubot/cpp_impl/install/edubot/lib/edubot/robot_node
-- Set runtime path of "/home/anton/Desktop/edubot/cpp_impl/install/edubot/lib/edubot/robot_node" to ""
-- Installing: /home/anton/Desktop/edubot/cpp_impl/install/edubot/share/ament_index/resource_index/package_run_dependencies/edubot
-- Installing: /home/anton/Desktop/edubot/cpp_impl/install/edubot/share/ament_index/resource_index/parent_prefix_path/edubot
-- Installing: /home/anton/Desktop/edubot/cpp_impl/install/edubot/share/edubot/environment/ament_prefix_path.sh
-- Installing: /home/anton/Desktop/edubot/cpp_impl/install/edubot/share/edubot/environment/ament_prefix_path.dsv
-- Installing: /home/anton/Desktop/edubot/cpp_impl/install/edubot/share/edubot/environment/path.sh
-- Installing: /home/anton/Desktop/edubot/cpp_impl/install/edubot/share/edubot/environment/path.dsv
-- Installing: /home/anton/Desktop/edubot/cpp_impl/install/edubot/share/edubot/local_setup.bash
-- Installing: /home/anton/Desktop/edubot/cpp_impl/install/edubot/share/edubot/local_setup.sh
-- Installing: /home/anton/Desktop/edubot/cpp_impl/install/edubot/share/edubot/local_setup.zsh
-- Installing: /home/anton/Desktop/edubot/cpp_impl/install/edubot/share/edubot/local_setup.dsv
-- Installing: /home/anton/Desktop/edubot/cpp_impl/install/edubot/share/edubot/package.dsv
-- Installing: /home/anton/Desktop/edubot/cpp_impl/install/edubot/share/ament_index/resource_index/packages/edubot
-- Installing: /home/anton/Desktop/edubot/cpp_impl/install/edubot/share/edubot/cmake/edubotConfig.cmake
-- Installing: /home/anton/Desktop/edubot/cpp_impl/install/edubot/share/edubot/cmake/edubotConfig-version.cmake
-- Installing: /home/anton/Desktop/edubot/cpp_impl/install/edubot/share/edubot/package.xml
