[0.009s] Invoking command in '/home/anton/Desktop/edubot/cpp_impl/build/edubot': CMAKE_PREFIX_PATH=/opt/ros/humble /usr/bin/cmake --build /home/anton/Desktop/edubot/cpp_impl/build/edubot -- -j8 -l8
[0.024s] -- Found ament_cmake: 1.3.5 (/opt/ros/humble/share/ament_cmake/cmake)
[0.125s] -- Found rclcpp: 16.0.5 (/opt/ros/humble/share/rclcpp/cmake)
[0.145s] -- Found rosidl_generator_c: 3.1.5 (/opt/ros/humble/share/rosidl_generator_c/cmake)
[0.147s] -- Found rosidl_adapter: 3.1.5 (/opt/ros/humble/share/rosidl_adapter/cmake)
[0.151s] -- Found rosidl_generator_cpp: 3.1.5 (/opt/ros/humble/share/rosidl_generator_cpp/cmake)
[0.159s] -- Using all available rosidl_typesupport_c: rosidl_typesupport_fastrtps_c;rosidl_typesupport_introspection_c
[0.168s] -- Using all available rosidl_typesupport_cpp: rosidl_typesupport_fastrtps_cpp;rosidl_typesupport_introspection_cpp
[0.204s] -- Found rmw_implementation_cmake: 6.1.1 (/opt/ros/humble/share/rmw_implementation_cmake/cmake)
[0.204s] -- Found rmw_fastrtps_cpp: 6.2.3 (/opt/ros/humble/share/rmw_fastrtps_cpp/cmake)
[0.294s] -- Using RMW implementation 'rmw_fastrtps_cpp' as default
[0.392s] -- Found sensor_msgs: 4.2.3 (/opt/ros/humble/share/sensor_msgs/cmake)
[0.471s] -- Found trajectory_msgs: 4.2.3 (/opt/ros/humble/share/trajectory_msgs/cmake)
[0.526s] -- Found ament_lint_auto: 0.12.7 (/opt/ros/humble/share/ament_lint_auto/cmake)
[0.574s] -- Added test 'cppcheck' to perform static code analysis on C / C++ code
[0.574s] -- Configured cppcheck include dirs: $<BUILD_INTERFACE:/home/anton/Desktop/edubot/cpp_impl/src/edubot/include/edubot>
[0.574s] -- Configured cppcheck exclude dirs and/or files: 
[0.574s] -- Added test 'lint_cmake' to check CMake code style
[0.575s] -- Added test 'uncrustify' to check C / C++ code style
[0.575s] -- Configured uncrustify additional arguments: 
[0.575s] -- Added test 'xmllint' to check XML markup files
[0.576s] -- Configuring done
[0.585s] -- Generating done
[0.586s] -- Build files have been written to: /home/anton/Desktop/edubot/cpp_impl/build/edubot
[0.607s] [35m[1mConsolidate compiler generated dependencies of target robot_node[0m
[0.635s] [ 33%] [32mBuilding CXX object CMakeFiles/robot_node.dir/src/robot.cpp.o[0m
[2.185s] [ 66%] [32m[1mLinking CXX executable robot_node[0m
[2.499s] [100%] Built target robot_node
[2.506s] Invoked command in '/home/anton/Desktop/edubot/cpp_impl/build/edubot' returned '0': CMAKE_PREFIX_PATH=/opt/ros/humble /usr/bin/cmake --build /home/anton/Desktop/edubot/cpp_impl/build/edubot -- -j8 -l8
[2.530s] Invoking command in '/home/anton/Desktop/edubot/cpp_impl/build/edubot': CMAKE_PREFIX_PATH=/opt/ros/humble /usr/bin/cmake --install /home/anton/Desktop/edubot/cpp_impl/build/edubot
[2.535s] -- Install configuration: ""
[2.536s] -- Installing: /home/anton/Desktop/edubot/cpp_impl/install/edubot/lib/edubot/robot_node
[2.538s] -- Set runtime path of "/home/anton/Desktop/edubot/cpp_impl/install/edubot/lib/edubot/robot_node" to ""
[2.538s] -- Installing: /home/anton/Desktop/edubot/cpp_impl/install/edubot/share/ament_index/resource_index/package_run_dependencies/edubot
[2.538s] -- Installing: /home/anton/Desktop/edubot/cpp_impl/install/edubot/share/ament_index/resource_index/parent_prefix_path/edubot
[2.538s] -- Installing: /home/anton/Desktop/edubot/cpp_impl/install/edubot/share/edubot/environment/ament_prefix_path.sh
[2.538s] -- Installing: /home/anton/Desktop/edubot/cpp_impl/install/edubot/share/edubot/environment/ament_prefix_path.dsv
[2.538s] -- Installing: /home/anton/Desktop/edubot/cpp_impl/install/edubot/share/edubot/environment/path.sh
[2.538s] -- Installing: /home/anton/Desktop/edubot/cpp_impl/install/edubot/share/edubot/environment/path.dsv
[2.539s] -- Installing: /home/anton/Desktop/edubot/cpp_impl/install/edubot/share/edubot/local_setup.bash
[2.539s] -- Installing: /home/anton/Desktop/edubot/cpp_impl/install/edubot/share/edubot/local_setup.sh
[2.539s] -- Installing: /home/anton/Desktop/edubot/cpp_impl/install/edubot/share/edubot/local_setup.zsh
[2.539s] -- Installing: /home/anton/Desktop/edubot/cpp_impl/install/edubot/share/edubot/local_setup.dsv
[2.539s] -- Installing: /home/anton/Desktop/edubot/cpp_impl/install/edubot/share/edubot/package.dsv
[2.539s] -- Installing: /home/anton/Desktop/edubot/cpp_impl/install/edubot/share/ament_index/resource_index/packages/edubot
[2.539s] -- Installing: /home/anton/Desktop/edubot/cpp_impl/install/edubot/share/edubot/cmake/edubotConfig.cmake
[2.539s] -- Installing: /home/anton/Desktop/edubot/cpp_impl/install/edubot/share/edubot/cmake/edubotConfig-version.cmake
[2.539s] -- Installing: /home/anton/Desktop/edubot/cpp_impl/install/edubot/share/edubot/package.xml
[2.541s] Invoked command in '/home/anton/Desktop/edubot/cpp_impl/build/edubot' returned '0': CMAKE_PREFIX_PATH=/opt/ros/humble /usr/bin/cmake --install /home/anton/Desktop/edubot/cpp_impl/build/edubot
