[ 33%] [32mBuilding CXX object CMakeFiles/robot_node.dir/src/robot_node.cpp.o[0m
[01m[K/home/anton/Desktop/edubot/cpp_impl/src/edubot/src/robot_node.cpp:[m[K In member function ‘[01m[Kvoid RobotNode::cmd_callback(trajectory_msgs::msg::JointTrajectory_<std::allocator<void> >::SharedPtr)[m[K’:
[01m[K/home/anton/Desktop/edubot/cpp_impl/src/edubot/src/robot_node.cpp:40:85:[m[K [01;35m[Kwarning: [m[Kunused parameter ‘[01m[Kmsg[m[K’ [[01;35m[K]8;;https://gcc.gnu.org/onlinedocs/gcc/Warning-Options.html#index-Wunused-parameter-Wunused-parameter]8;;[m[K]
   40 | void RobotNode::cmd_callback([01;35m[Kconst trajectory_msgs::msg::JointTrajectory::SharedPtr msg[m[K)
      |                              [01;35m[K~~~~~~~~~~~~~~~~~~~~~~~~~~~~~~~~~~~~~~~~~~~~~~~~~~~~~~~^~~[m[K
[ 66%] [32m[1mLinking CXX executable robot_node[0m
[100%] Built target robot_node
-- Install configuration: ""
-- Installing: /home/anton/Desktop/edubot/cpp_impl/install/edubot/lib/edubot/robot_node
-- Set runtime path of "/home/anton/Desktop/edubot/cpp_impl/install/edubot/lib/edubot/robot_node" to ""
-- Up-to-date: /home/anton/Desktop/edubot/cpp_impl/install/edubot/share/ament_index/resource_index/package_run_dependencies/edubot
-- Up-to-date: /home/anton/Desktop/edubot/cpp_impl/install/edubot/share/ament_index/resource_index/parent_prefix_path/edubot
-- Up-to-date: /home/anton/Desktop/edubot/cpp_impl/install/edubot/share/edubot/environment/ament_prefix_path.sh
-- Up-to-date: /home/anton/Desktop/edubot/cpp_impl/install/edubot/share/edubot/environment/ament_prefix_path.dsv
-- Up-to-date: /home/anton/Desktop/edubot/cpp_impl/install/edubot/share/edubot/environment/path.sh
-- Up-to-date: /home/anton/Desktop/edubot/cpp_impl/install/edubot/share/edubot/environment/path.dsv
-- Up-to-date: /home/anton/Desktop/edubot/cpp_impl/install/edubot/share/edubot/local_setup.bash
-- Up-to-date: /home/anton/Desktop/edubot/cpp_impl/install/edubot/share/edubot/local_setup.sh
-- Up-to-date: /home/anton/Desktop/edubot/cpp_impl/install/edubot/share/edubot/local_setup.zsh
-- Up-to-date: /home/anton/Desktop/edubot/cpp_impl/install/edubot/share/edubot/local_setup.dsv
-- Installing: /home/anton/Desktop/edubot/cpp_impl/install/edubot/share/edubot/package.dsv
-- Up-to-date: /home/anton/Desktop/edubot/cpp_impl/install/edubot/share/ament_index/resource_index/packages/edubot
-- Up-to-date: /home/anton/Desktop/edubot/cpp_impl/install/edubot/share/edubot/cmake/edubotConfig.cmake
-- Up-to-date: /home/anton/Desktop/edubot/cpp_impl/install/edubot/share/edubot/cmake/edubotConfig-version.cmake
-- Up-to-date: /home/anton/Desktop/edubot/cpp_impl/install/edubot/share/edubot/package.xml
